1540328290318	f	0	log_colours_sub1
1540328290318	f	0	Logging Begins
1540328290318	d	0	display reset
1540328290361	d	1	image cake
1540328290388	d	2	text ElGateau
1540328290415	d	5	text Christopher_Madan
1540328290442	d	3	text v 0.9.2
1540328295442	d	0	display reset
1540328295502	d	1	_ _
1540328295502	d	1	_ _
1540328295502	d	2	_ _
1540328295503	d	3	_ _
1540328295503	d	4	_ _
1540328295503	d	5	_ _
1540328295503	d	6	_ _
1540328295503	d	7	_ _
1540328295503	d	8	_ _
1540328295503	d	9	_ _
1540328295503	d	10	_ _
1540328295503	d	11	_ _
1540328295503	d	12	_ _
1540328295503	d	13	_ _
1540328295503	d	14	_ _
1540328295503	d	15	_ _
1540328295532	d	5	text 1
1540328295556	d	3	_ _
1540328295581	d	7	solid #F5F5F5
1540328295606	d	8	solid #4169E1
1540328295630	d	9	solid #B22222
1540328295654	d	7	solid #32CD32
1540328295678	d	8	solid #4B0082
1540328295703	d	9	solid #FFA500
1540328295727	d	7	solid #4169E1
1540328295753	d	8	solid #FFA500
1540328295778	d	9	solid #4B0082
1540328295802	d	7	solid #32CD32
1540328295826	d	8	solid #4B0082
1540328295851	d	9	solid #B22222
1540328295876	d	7	solid #B22222
1540328295900	d	8	solid #FFA500
1540328295927	d	9	solid #4B0082
1540328295953	d	7	solid #4B0082
1540328295978	d	8	solid #B22222
1540328296003	d	9	solid #32CD32
1540328296027	d	7	solid #4169E1
1540328296052	d	8	solid #4B0082
1540328296077	d	9	solid #FFA500
1540328296102	d	7	solid #4169E1
1540328296126	d	8	solid #FFA500
1540328296150	d	9	solid #F5F5F5
1540328296175	d	7	solid #B22222
1540328296199	d	8	solid #4169E1
1540328296224	d	9	solid #4B0082
1540328296249	d	7	solid #32CD32
1540328296274	d	8	solid #4B0082
1540328296300	d	9	solid #B22222
1540328296325	d	3	text green
1540328296355	d	5	text 1
1540328297546	p	9	1108
1540328297604	d	5	text 2
1540328297631	d	3	_ _
1540328297655	d	7	solid #F5F5F5
1540328297680	d	8	solid #4B0082
1540328297704	d	9	solid #FFA500
1540328297729	d	7	solid #FFA500
1540328297754	d	8	solid #B22222
1540328297778	d	9	solid #F5F5F5
1540328297802	d	7	solid #FFA500
1540328297826	d	8	solid #4B0082
1540328297852	d	9	solid #4169E1
1540328297876	d	7	solid #B22222
1540328297901	d	8	solid #FFA500
1540328297925	d	9	solid #4B0082
1540328297951	d	7	solid #4169E1
1540328297982	d	8	solid #F5F5F5
1540328298007	d	9	solid #32CD32
1540328298032	d	7	solid #FFA500
1540328298061	d	8	solid #F5F5F5
1540328298085	d	9	solid #B22222
1540328298110	d	7	solid #F5F5F5
1540328298134	d	8	solid #FFA500
1540328298158	d	9	solid #32CD32
1540328298183	d	7	solid #FFA500
1540328298207	d	8	solid #4169E1
1540328298232	d	9	solid #B22222
1540328298256	d	7	solid #32CD32
1540328298280	d	8	solid #4169E1
1540328298304	d	9	solid #B22222
1540328298328	d	7	solid #F5F5F5
1540328298354	d	8	solid #32CD32
1540328298379	d	9	solid #4169E1
1540328298404	d	3	text blue
1540328298429	d	5	text 2
1540328299090	p	7	596
1540328299147	d	5	text 3
1540328299172	d	3	_ _
1540328299196	d	7	solid #B22222
1540328299220	d	8	solid #FFA500
1540328299245	d	9	solid #32CD32
1540328299269	d	7	solid #4169E1
1540328299293	d	8	solid #B22222
1540328299317	d	9	solid #F5F5F5
1540328299342	d	7	solid #FFA500
1540328299367	d	8	solid #4B0082
1540328299392	d	9	solid #F5F5F5
1540328299416	d	7	solid #F5F5F5
1540328299441	d	8	solid #4B0082
1540328299464	d	9	solid #4169E1
1540328299490	d	7	solid #4B0082
1540328299514	d	8	solid #32CD32
1540328299540	d	9	solid #FFA500
1540328299564	d	7	solid #FFA500
1540328299589	d	8	solid #32CD32
1540328299613	d	9	solid #B22222
1540328299638	d	7	solid #F5F5F5
1540328299662	d	8	solid #4B0082
1540328299687	d	9	solid #FFA500
1540328299711	d	7	solid #4B0082
1540328299735	d	8	solid #32CD32
1540328299759	d	9	solid #4169E1
1540328299783	d	7	solid #4169E1
1540328299807	d	8	solid #4B0082
1540328299831	d	9	solid #FFA500
1540328299857	d	7	solid #32CD32
1540328299881	d	8	solid #4169E1
1540328299906	d	9	solid #FFA500
1540328299930	d	3	text blue
1540328299955	d	5	text 3
1540328300658	p	8	591
1540328300721	d	5	text 4
1540328300750	d	3	_ _
1540328300775	d	7	solid #B22222
1540328300800	d	8	solid #32CD32
1540328300824	d	9	solid #4B0082
1540328300849	d	7	solid #4169E1
1540328300874	d	8	solid #32CD32
1540328300898	d	9	solid #4B0082
1540328300922	d	7	solid #FFA500
1540328300947	d	8	solid #32CD32
1540328300971	d	9	solid #4169E1
1540328300996	d	7	solid #F5F5F5
1540328301020	d	8	solid #B22222
1540328301043	d	9	solid #4169E1
1540328301068	d	7	solid #FFA500
1540328301093	d	8	solid #B22222
1540328301118	d	9	solid #4B0082
1540328301142	d	7	solid #32CD32
1540328301168	d	8	solid #4B0082
1540328301192	d	9	solid #FFA500
1540328301217	d	7	solid #32CD32
1540328301242	d	8	solid #FFA500
1540328301266	d	9	solid #4B0082
1540328301290	d	7	solid #FFA500
1540328301314	d	8	solid #4169E1
1540328301339	d	9	solid #F5F5F5
1540328301364	d	7	solid #B22222
1540328301388	d	8	solid #FFA500
1540328301413	d	9	solid #F5F5F5
1540328301438	d	7	solid #F5F5F5
1540328301462	d	8	solid #4169E1
1540328301486	d	9	solid #32CD32
1540328301512	d	3	text blue
1540328301536	d	5	text 4
1540328302128	p	8	510
1540328302193	d	5	text 5
1540328302221	d	3	_ _
1540328302245	d	7	solid #F5F5F5
1540328302270	d	8	solid #32CD32
1540328302294	d	9	solid #4B0082
1540328302319	d	7	solid #FFA500
1540328302344	d	8	solid #32CD32
1540328302373	d	9	solid #4B0082
1540328302397	d	7	solid #4B0082
1540328302421	d	8	solid #F5F5F5
1540328302447	d	9	solid #32CD32
1540328302472	d	7	solid #F5F5F5
1540328302496	d	8	solid #4169E1
1540328302520	d	9	solid #FFA500
1540328302545	d	7	solid #F5F5F5
1540328302570	d	8	solid #32CD32
1540328302595	d	9	solid #B22222
1540328302621	d	7	solid #4B0082
1540328302645	d	8	solid #FFA500
1540328302670	d	9	solid #F5F5F5
1540328302695	d	7	solid #32CD32
1540328302720	d	8	solid #F5F5F5
1540328302744	d	9	solid #B22222
1540328302769	d	7	solid #F5F5F5
1540328302793	d	8	solid #FFA500
1540328302817	d	9	solid #4169E1
1540328302843	d	7	solid #FFA500
1540328302867	d	8	solid #B22222
1540328302892	d	9	solid #4B0082
1540328302916	d	7	solid #32CD32
1540328302941	d	8	solid #FFA500
1540328302965	d	9	solid #B22222
1540328302990	d	3	text orange
1540328303015	d	5	text 5
1540328303695	p	8	592
1540328303757	d	5	text 6
1540328303783	d	3	_ _
1540328303808	d	7	solid #4169E1
1540328303833	d	8	solid #FFA500
1540328303857	d	9	solid #4B0082
1540328303883	d	7	solid #4169E1
1540328303907	d	8	solid #B22222
1540328303932	d	9	solid #F5F5F5
1540328303956	d	7	solid #32CD32
1540328303980	d	8	solid #4B0082
1540328304005	d	9	solid #FFA500
1540328304029	d	7	solid #4B0082
1540328304053	d	8	solid #32CD32
1540328304078	d	9	solid #F5F5F5
1540328304102	d	7	solid #F5F5F5
1540328304127	d	8	solid #32CD32
1540328304152	d	9	solid #B22222
1540328304176	d	7	solid #32CD32
1540328304200	d	8	solid #4169E1
1540328304224	d	9	solid #4B0082
1540328304249	d	7	solid #F5F5F5
1540328304274	d	8	solid #FFA500
1540328304298	d	9	solid #4169E1
1540328304323	d	7	solid #FFA500
1540328304348	d	8	solid #F5F5F5
1540328304372	d	9	solid #4B0082
1540328304396	d	7	solid #B22222
1540328304421	d	8	solid #FFA500
1540328304446	d	9	solid #4169E1
1540328304470	d	7	solid #F5F5F5
1540328304494	d	8	solid #B22222
1540328304519	d	9	solid #FFA500
1540328304544	d	3	text orange
1540328304569	d	5	text 6
1540328305471	p	7	804
1540328305527	d	5	text 7
1540328305552	d	3	_ _
1540328305576	d	7	solid #FFA500
1540328305600	d	8	solid #4B0082
1540328305624	d	9	solid #F5F5F5
1540328305649	d	7	solid #F5F5F5
1540328305674	d	8	solid #4B0082
1540328305698	d	9	solid #32CD32
1540328305722	d	7	solid #FFA500
1540328305748	d	8	solid #32CD32
1540328305773	d	9	solid #4B0082
1540328305797	d	7	solid #32CD32
1540328305821	d	8	solid #B22222
1540328305845	d	9	solid #4169E1
1540328305869	d	7	solid #B22222
1540328305894	d	8	solid #F5F5F5
1540328305918	d	9	solid #32CD32
1540328305944	d	7	solid #32CD32
1540328305968	d	8	solid #B22222
1540328305992	d	9	solid #FFA500
1540328306016	d	7	solid #FFA500
1540328306041	d	8	solid #B22222
1540328306065	d	9	solid #32CD32
1540328306091	d	7	solid #FFA500
1540328306115	d	8	solid #F5F5F5
1540328306140	d	9	solid #4B0082
1540328306165	d	7	solid #F5F5F5
1540328306189	d	8	solid #4B0082
1540328306213	d	9	solid #32CD32
1540328306237	d	7	solid #F5F5F5
1540328306261	d	8	solid #B22222
1540328306286	d	9	solid #4169E1
1540328306326	d	3	text red
1540328306370	d	5	text 7
1540328307044	p	8	582
1540328307110	d	5	text 8
1540328307139	d	3	_ _
1540328307163	d	7	solid #F5F5F5
1540328307187	d	8	solid #B22222
1540328307211	d	9	solid #32CD32
1540328307235	d	7	solid #F5F5F5
1540328307259	d	8	solid #FFA500
1540328307283	d	9	solid #32CD32
1540328307307	d	7	solid #32CD32
1540328307332	d	8	solid #4169E1
1540328307355	d	9	solid #FFA500
1540328307380	d	7	solid #4B0082
1540328307406	d	8	solid #32CD32
1540328307430	d	9	solid #F5F5F5
1540328307454	d	7	solid #4B0082
1540328307477	d	8	solid #B22222
1540328307501	d	9	solid #F5F5F5
1540328307525	d	7	solid #B22222
1540328307549	d	8	solid #4169E1
1540328307573	d	9	solid #F5F5F5
1540328307597	d	7	solid #F5F5F5
1540328307621	d	8	solid #B22222
1540328307645	d	9	solid #32CD32
1540328307669	d	7	solid #F5F5F5
1540328307693	d	8	solid #4B0082
1540328307717	d	9	solid #B22222
1540328307741	d	7	solid #4169E1
1540328307765	d	8	solid #B22222
1540328307789	d	9	solid #4B0082
1540328307813	d	7	solid #FFA500
1540328307838	d	8	solid #4B0082
1540328307862	d	9	solid #B22222
1540328307887	d	3	text red
1540328307918	d	5	text 8
1540328308864	p	7	850
1540328308923	d	5	text 9
1540328308948	d	3	_ _
1540328308971	d	7	solid #4B0082
1540328308996	d	8	solid #B22222
1540328309020	d	9	solid #FFA500
1540328309044	d	7	solid #32CD32
1540328309068	d	8	solid #F5F5F5
1540328309093	d	9	solid #4169E1
1540328309117	d	7	solid #F5F5F5
1540328309141	d	8	solid #4B0082
1540328309166	d	9	solid #B22222
1540328309190	d	7	solid #B22222
1540328309213	d	8	solid #FFA500
1540328309237	d	9	solid #F5F5F5
1540328309262	d	7	solid #B22222
1540328309286	d	8	solid #F5F5F5
1540328309310	d	9	solid #4169E1
1540328309335	d	7	solid #F5F5F5
1540328309359	d	8	solid #B22222
1540328309383	d	9	solid #4B0082
1540328309408	d	7	solid #FFA500
1540328309432	d	8	solid #F5F5F5
1540328309456	d	9	solid #32CD32
1540328309480	d	7	solid #4169E1
1540328309504	d	8	solid #B22222
1540328309528	d	9	solid #4B0082
1540328309551	d	7	solid #FFA500
1540328309575	d	8	solid #B22222
1540328309599	d	9	solid #4169E1
1540328309624	d	7	solid #32CD32
1540328309648	d	8	solid #4169E1
1540328309672	d	9	solid #B22222
1540328309697	d	3	text green
1540328309721	d	5	text 9
1540328310484	p	9	693
1540328310543	d	5	text 10
1540328310568	d	3	_ _
1540328310591	d	7	solid #32CD32
1540328310616	d	8	solid #FFA500
1540328310640	d	9	solid #4B0082
1540328310665	d	7	solid #32CD32
1540328310689	d	8	solid #4B0082
1540328310713	d	9	solid #F5F5F5
1540328310737	d	7	solid #B22222
1540328310761	d	8	solid #FFA500
1540328310785	d	9	solid #32CD32
1540328310809	d	7	solid #F5F5F5
1540328310833	d	8	solid #FFA500
1540328310857	d	9	solid #32CD32
1540328310880	d	7	solid #4B0082
1540328310906	d	8	solid #B22222
1540328310931	d	9	solid #FFA500
1540328311000	d	7	solid #32CD32
1540328311036	d	8	solid #FFA500
1540328311066	d	9	solid #F5F5F5
1540328311094	d	7	solid #FFA500
1540328311118	d	8	solid #F5F5F5
1540328311144	d	9	solid #32CD32
1540328311170	d	7	solid #F5F5F5
1540328311194	d	8	solid #FFA500
1540328311218	d	9	solid #B22222
1540328311242	d	7	solid #F5F5F5
1540328311266	d	8	solid #4B0082
1540328311290	d	9	solid #FFA500
1540328311314	d	7	solid #4B0082
1540328311339	d	8	solid #FFA500
1540328311363	d	9	solid #B22222
1540328311388	d	3	text purple
1540328311413	d	5	text 10
1540328312190	p	9	693
1540328312191	d	0	display reset
1540328312245	d	1	_ _
1540328312245	d	1	_ _
1540328312245	d	2	_ _
1540328312245	d	3	_ _
1540328312245	d	4	_ _
1540328312245	d	5	_ _
1540328312245	d	6	_ _
1540328312245	d	7	_ _
1540328312245	d	8	_ _
1540328312245	d	9	_ _
1540328312245	d	10	_ _
1540328312245	d	11	_ _
1540328312245	d	12	_ _
1540328312245	d	13	_ _
1540328312245	d	14	_ _
1540328312245	d	15	_ _
1540328312273	d	8	text Great_Job
1540328312305	d	13	image cake
1540328312306	f	0	Logging Ends
1540328347812	f	0	log_colours_sub1
1540328347812	f	0	Logging Begins
1540328347813	d	0	display reset
1540328347864	d	1	image cake
1540328347909	d	2	text ElGateau
1540328347942	d	5	text Christopher_Madan
1540328347969	d	3	text v 0.9.2
1540328352970	d	0	display reset
1540328353057	d	1	_ _
1540328353057	d	1	_ _
1540328353057	d	2	_ _
1540328353057	d	3	_ _
1540328353057	d	4	_ _
1540328353057	d	5	_ _
1540328353057	d	6	_ _
1540328353057	d	7	_ _
1540328353057	d	8	_ _
1540328353057	d	9	_ _
1540328353057	d	10	_ _
1540328353057	d	11	_ _
1540328353057	d	12	_ _
1540328353057	d	13	_ _
1540328353057	d	14	_ _
1540328353057	d	15	_ _
1540328353091	d	5	text 1
1540328353120	d	3	_ _
1540328353147	d	7	solid #F5F5F5
1540328353173	d	8	solid #4169E1
1540328353212	d	9	solid #FFA500
1540328353236	d	7	solid #4169E1
1540328353261	d	8	solid #F5F5F5
1540328353285	d	9	solid #FFA500
1540328353309	d	7	solid #FFA500
1540328353333	d	8	solid #B22222
1540328353372	d	9	solid #4169E1
1540328353396	d	7	solid #4B0082
1540328353420	d	8	solid #FFA500
1540328353444	d	9	solid #4169E1
1540328353467	d	7	solid #F5F5F5
1540328353491	d	8	solid #4169E1
1540328353515	d	9	solid #4B0082
1540328353539	d	7	solid #4169E1
1540328353563	d	8	solid #4B0082
1540328353587	d	9	solid #B22222
1540328353611	d	7	solid #FFA500
1540328353636	d	8	solid #F5F5F5
1540328353659	d	9	solid #4169E1
1540328353684	d	7	solid #FFA500
1540328353708	d	8	solid #4B0082
1540328353732	d	9	solid #F5F5F5
1540328353757	d	7	solid #FFA500
1540328353781	d	8	solid #B22222
1540328353804	d	9	solid #4169E1
1540328353829	d	7	solid #F5F5F5
1540328353853	d	8	solid #B22222
1540328353878	d	9	solid #32CD32
1540328353902	d	3	text green
1540328353927	d	5	text 1
1540328354738	p	7	727
1540328354796	d	5	text 2
1540328354820	d	3	_ _
1540328354843	d	7	solid #FFA500
1540328354868	d	8	solid #F5F5F5
1540328354893	d	9	solid #4B0082
1540328354917	d	7	solid #B22222
1540328354941	d	8	solid #FFA500
1540328354988	d	9	solid #32CD32
1540328355015	d	7	solid #B22222
1540328355040	d	8	solid #4B0082
1540328355064	d	9	solid #4169E1
1540328355088	d	7	solid #B22222
1540328355112	d	8	solid #4169E1
1540328355138	d	9	solid #FFA500
1540328355161	d	7	solid #4B0082
1540328355185	d	8	solid #4169E1
1540328355210	d	9	solid #FFA500
1540328355234	d	7	solid #FFA500
1540328355258	d	8	solid #32CD32
1540328355282	d	9	solid #B22222
1540328355306	d	7	solid #32CD32
1540328355330	d	8	solid #4169E1
1540328355355	d	9	solid #FFA500
1540328355378	d	7	solid #4B0082
1540328355404	d	8	solid #F5F5F5
1540328355427	d	9	solid #4169E1
1540328355452	d	7	solid #32CD32
1540328355475	d	8	solid #B22222
1540328355499	d	9	solid #F5F5F5
1540328355522	d	7	solid #32CD32
1540328355546	d	8	solid #4B0082
1540328355571	d	9	solid #FFA500
1540328355595	d	3	text green
1540328355621	d	5	text 2
1540328356374	p	9	696
1540328356435	d	5	text 3
1540328356461	d	3	_ _
1540328356485	d	7	solid #F5F5F5
1540328356510	d	8	solid #B22222
1540328356533	d	9	solid #32CD32
1540328356557	d	7	solid #F5F5F5
1540328356581	d	8	solid #FFA500
1540328356606	d	9	solid #4B0082
1540328356631	d	7	solid #4169E1
1540328356656	d	8	solid #FFA500
1540328356680	d	9	solid #32CD32
1540328356704	d	7	solid #F5F5F5
1540328356729	d	8	solid #32CD32
1540328356753	d	9	solid #4169E1
1540328356777	d	7	solid #32CD32
1540328356801	d	8	solid #B22222
1540328356825	d	9	solid #4169E1
1540328356850	d	7	solid #B22222
1540328356874	d	8	solid #4B0082
1540328356899	d	9	solid #F5F5F5
1540328356923	d	7	solid #F5F5F5
1540328356947	d	8	solid #4169E1
1540328356971	d	9	solid #FFA500
1540328356995	d	7	solid #B22222
1540328357019	d	8	solid #4B0082
1540328357044	d	9	solid #4169E1
1540328357068	d	7	solid #FFA500
1540328357091	d	8	solid #F5F5F5
1540328357115	d	9	solid #B22222
1540328357139	d	7	solid #F5F5F5
1540328357164	d	8	solid #FFA500
1540328357188	d	9	solid #B22222
1540328357212	d	3	text orange
1540328357237	d	5	text 3
1540328357926	p	8	663
1540328357992	d	5	text 4
1540328358020	d	3	_ _
1540328358044	d	7	solid #F5F5F5
1540328358069	d	8	solid #4B0082
1540328358093	d	9	solid #32CD32
1540328358118	d	7	solid #F5F5F5
1540328358143	d	8	solid #4B0082
1540328358167	d	9	solid #B22222
1540328358191	d	7	solid #4169E1
1540328358215	d	8	solid #4B0082
1540328358239	d	9	solid #32CD32
1540328358263	d	7	solid #4B0082
1540328358287	d	8	solid #F5F5F5
1540328358311	d	9	solid #32CD32
1540328358335	d	7	solid #FFA500
1540328358359	d	8	solid #4169E1
1540328358383	d	9	solid #B22222
1540328358408	d	7	solid #4169E1
1540328358432	d	8	solid #FFA500
1540328358455	d	9	solid #4B0082
1540328358479	d	7	solid #32CD32
1540328358503	d	8	solid #4169E1
1540328358528	d	9	solid #FFA500
1540328358552	d	7	solid #F5F5F5
1540328358576	d	8	solid #4B0082
1540328358601	d	9	solid #4169E1
1540328358647	d	7	solid #32CD32
1540328358673	d	8	solid #F5F5F5
1540328358698	d	9	solid #FFA500
1540328358721	d	7	solid #4169E1
1540328358746	d	8	solid #FFA500
1540328358770	d	9	solid #4B0082
1540328358795	d	3	text blue
1540328358820	d	5	text 4
1540328359779	p	9	871
1540328359839	d	5	text 5
1540328359864	d	3	_ _
1540328359888	d	7	solid #F5F5F5
1540328359912	d	8	solid #4169E1
1540328359937	d	9	solid #FFA500
1540328359960	d	7	solid #4169E1
1540328359984	d	8	solid #B22222
1540328360008	d	9	solid #FFA500
1540328360032	d	7	solid #4169E1
1540328360056	d	8	solid #FFA500
1540328360081	d	9	solid #F5F5F5
1540328360105	d	7	solid #32CD32
1540328360128	d	8	solid #4B0082
1540328360154	d	9	solid #4169E1
1540328360179	d	7	solid #FFA500
1540328360203	d	8	solid #B22222
1540328360227	d	9	solid #32CD32
1540328360251	d	7	solid #FFA500
1540328360276	d	8	solid #4169E1
1540328360300	d	9	solid #4B0082
1540328360324	d	7	solid #4B0082
1540328360348	d	8	solid #4169E1
1540328360372	d	9	solid #FFA500
1540328360397	d	7	solid #F5F5F5
1540328360423	d	8	solid #B22222
1540328360447	d	9	solid #4B0082
1540328360472	d	7	solid #32CD32
1540328360496	d	8	solid #4B0082
1540328360520	d	9	solid #B22222
1540328360544	d	7	solid #32CD32
1540328360568	d	8	solid #4169E1
1540328360592	d	9	solid #4B0082
1540328360617	d	3	text purple
1540328360642	d	5	text 5
1540328361420	p	7	700
1540328361475	d	5	text 6
1540328361502	d	3	_ _
1540328361526	d	7	solid #4B0082
1540328361550	d	8	solid #32CD32
1540328361574	d	9	solid #FFA500
1540328361598	d	7	solid #4169E1
1540328361622	d	8	solid #4B0082
1540328361646	d	9	solid #F5F5F5
1540328361670	d	7	solid #F5F5F5
1540328361696	d	8	solid #4169E1
1540328361735	d	9	solid #FFA500
1540328361759	d	7	solid #B22222
1540328361783	d	8	solid #FFA500
1540328361807	d	9	solid #F5F5F5
1540328361831	d	7	solid #32CD32
1540328361856	d	8	solid #B22222
1540328361879	d	9	solid #4B0082
1540328361904	d	7	solid #32CD32
1540328361929	d	8	solid #F5F5F5
1540328361953	d	9	solid #B22222
1540328361977	d	7	solid #B22222
1540328362001	d	8	solid #FFA500
1540328362025	d	9	solid #4B0082
1540328362049	d	7	solid #4B0082
1540328362072	d	8	solid #4169E1
1540328362096	d	9	solid #B22222
1540328362120	d	7	solid #4169E1
1540328362145	d	8	solid #32CD32
1540328362168	d	9	solid #FFA500
1540328362193	d	7	solid #B22222
1540328362217	d	8	solid #F5F5F5
1540328362241	d	9	solid #FFA500
1540328362266	d	3	text orange
1540328362290	d	5	text 6
1540328362944	p	7	559
1540328363006	d	5	text 7
1540328363032	d	3	_ _
1540328363057	d	7	solid #4B0082
1540328363081	d	8	solid #B22222
1540328363105	d	9	solid #FFA500
1540328363130	d	7	solid #FFA500
1540328363154	d	8	solid #B22222
1540328363179	d	9	solid #F5F5F5
1540328363203	d	7	solid #FFA500
1540328363228	d	8	solid #F5F5F5
1540328363252	d	9	solid #32CD32
1540328363277	d	7	solid #4169E1
1540328363301	d	8	solid #B22222
1540328363325	d	9	solid #4B0082
1540328363351	d	7	solid #B22222
1540328363375	d	8	solid #4169E1
1540328363399	d	9	solid #4B0082
1540328363424	d	7	solid #FFA500
1540328363449	d	8	solid #32CD32
1540328363474	d	9	solid #4B0082
1540328363498	d	7	solid #4169E1
1540328363522	d	8	solid #32CD32
1540328363547	d	9	solid #FFA500
1540328363571	d	7	solid #32CD32
1540328363595	d	8	solid #FFA500
1540328363619	d	9	solid #F5F5F5
1540328363643	d	7	solid #4B0082
1540328363668	d	8	solid #F5F5F5
1540328363693	d	9	solid #FFA500
1540328363718	d	7	solid #32CD32
1540328363742	d	8	solid #B22222
1540328363767	d	9	solid #4B0082
1540328363792	d	3	text red
1540328363817	d	5	text 7
1540328364558	p	8	653
1540328364622	d	5	text 8
1540328364651	d	3	_ _
1540328364675	d	7	solid #4B0082
1540328364700	d	8	solid #F5F5F5
1540328364724	d	9	solid #4169E1
1540328364749	d	7	solid #FFA500
1540328364773	d	8	solid #4B0082
1540328364797	d	9	solid #4169E1
1540328364822	d	7	solid #FFA500
1540328364846	d	8	solid #4169E1
1540328364870	d	9	solid #F5F5F5
1540328364895	d	7	solid #FFA500
1540328364919	d	8	solid #B22222
1540328364945	d	9	solid #32CD32
1540328364969	d	7	solid #32CD32
1540328364994	d	8	solid #4B0082
1540328365018	d	9	solid #B22222
1540328365042	d	7	solid #32CD32
1540328365066	d	8	solid #4169E1
1540328365091	d	9	solid #FFA500
1540328365116	d	7	solid #FFA500
1540328365141	d	8	solid #32CD32
1540328365167	d	9	solid #4B0082
1540328365191	d	7	solid #FFA500
1540328365216	d	8	solid #4B0082
1540328365241	d	9	solid #F5F5F5
1540328365266	d	7	solid #F5F5F5
1540328365290	d	8	solid #4B0082
1540328365314	d	9	solid #4169E1
1540328365339	d	7	solid #4B0082
1540328365363	d	8	solid #4169E1
1540328365387	d	9	solid #32CD32
1540328365412	d	3	text green
1540328365437	d	5	text 8
1540328366777	p	7	1261
1540328366841	d	5	text 9
1540328366869	d	3	_ _
1540328366894	d	7	solid #4B0082
1540328366919	d	8	solid #4169E1
1540328366943	d	9	solid #F5F5F5
1540328366969	d	7	solid #4B0082
1540328366993	d	8	solid #FFA500
1540328367017	d	9	solid #32CD32
1540328367041	d	7	solid #4169E1
1540328367065	d	8	solid #FFA500
1540328367089	d	9	solid #B22222
1540328367113	d	7	solid #32CD32
1540328367137	d	8	solid #4169E1
1540328367161	d	9	solid #F5F5F5
1540328367185	d	7	solid #FFA500
1540328367210	d	8	solid #F5F5F5
1540328367234	d	9	solid #4169E1
1540328367258	d	7	solid #32CD32
1540328367282	d	8	solid #4169E1
1540328367307	d	9	solid #B22222
1540328367331	d	7	solid #F5F5F5
1540328367356	d	8	solid #4169E1
1540328367380	d	9	solid #B22222
1540328367404	d	7	solid #4169E1
1540328367428	d	8	solid #B22222
1540328367452	d	9	solid #4B0082
1540328367477	d	7	solid #B22222
1540328367525	d	8	solid #4169E1
1540328367566	d	9	solid #F5F5F5
1540328367593	d	7	solid #F5F5F5
1540328367618	d	8	solid #4B0082
1540328367642	d	9	solid #B22222
1540328367666	d	3	text white
1540328367693	d	5	text 9
1540328368559	p	9	793
1540328368615	d	5	text 10
1540328368642	d	3	_ _
1540328368667	d	7	solid #32CD32
1540328368691	d	8	solid #FFA500
1540328368716	d	9	solid #F5F5F5
1540328368741	d	7	solid #32CD32
1540328368765	d	8	solid #4169E1
1540328368790	d	9	solid #F5F5F5
1540328368814	d	7	solid #32CD32
1540328368838	d	8	solid #FFA500
1540328368863	d	9	solid #4169E1
1540328368887	d	7	solid #B22222
1540328368912	d	8	solid #F5F5F5
1540328368936	d	9	solid #32CD32
1540328368960	d	7	solid #4169E1
1540328368985	d	8	solid #F5F5F5
1540328369009	d	9	solid #4B0082
1540328369034	d	7	solid #32CD32
1540328369058	d	8	solid #4B0082
1540328369082	d	9	solid #4169E1
1540328369106	d	7	solid #F5F5F5
1540328369131	d	8	solid #32CD32
1540328369155	d	9	solid #B22222
1540328369180	d	7	solid #4169E1
1540328369204	d	8	solid #32CD32
1540328369229	d	9	solid #B22222
1540328369254	d	7	solid #B22222
1540328369279	d	8	solid #4B0082
1540328369304	d	9	solid #F5F5F5
1540328369329	d	7	solid #32CD32
1540328369355	d	8	solid #B22222
1540328369380	d	9	solid #FFA500
1540328369405	d	3	text orange
1540328369431	d	5	text 10
1540328370308	p	7	745
1540328370308	d	0	display reset
1540328370365	d	1	_ _
1540328370365	d	1	_ _
1540328370365	d	2	_ _
1540328370365	d	3	_ _
1540328370365	d	4	_ _
1540328370365	d	5	_ _
1540328370365	d	6	_ _
1540328370365	d	7	_ _
1540328370365	d	8	_ _
1540328370365	d	9	_ _
1540328370365	d	10	_ _
1540328370365	d	11	_ _
1540328370365	d	12	_ _
1540328370365	d	13	_ _
1540328370365	d	14	_ _
1540328370365	d	15	_ _
1540328370392	d	8	text Great_Job
1540328370424	d	13	image cake
1540328370424	f	0	Logging Ends
